{"item": "cable tester", "user": 552, "date": "2023-10-02T07:03:23Z"}
{"item": "smartphone", "user": 402, "date": "2023-10-02T07:03:23Z"}
{"item": "soundbar", "user": 851, "date": "2023-10-02T07:03:23Z"}
{"item": "robot vacuum cleaner", "user": 689, "date": "2023-10-02T07:03:23Z"}
{"item": "robot kit", "user": 504, "date": "2023-10-02T07:03:23Z"}
{"item": "multimeter", "user": 510, "date": "2023-10-02T07:03:23Z"}
{"item": "cable tester", "user": 324, "date": "2023-10-02T07:03:23Z"}
{"item": "dual monitor stand", "user": 401, "date": "2023-10-02T07:03:23Z"}
{"item": "signal analyzer", "user": 553, "date": "2023-10-02T07:03:23Z"}
{"item": "power supply unit", "user": 57, "date": "2023-10-02T07:03:23Z"}
{"item": "digital hygrometer", "user": 119, "date": "2023-10-02T07:03:23Z"}
{"item": "smart mirror", "user": 731, "date": "2023-10-02T07:03:23Z"}
{"item": "barcode printer", "user": 889, "date": "2023-10-02T07:03:23Z"}
{"item": "game controller", "user": 863, "date": "2023-10-02T07:03:23Z"}
{"item": "colorimeter", "user": 609, "date": "2023-10-02T07:03:23Z"}
{"item": "microSD card", "user": 574, "date": "2023-10-02T07:03:23Z"}
{"item": "e-reader", "user": 509, "date": "2023-10-02T07:03:23Z"}
{"item": "surround sound system", "user": 718, "date": "2023-10-02T07:03:23Z"}
{"item": "smart belt", "user": 684, "date": "2023-10-02T07:03:23Z"}
{"item": "graphing calculator", "user": 334, "date": "2023-10-02T07:03:23Z"}
{"item": "gaming mouse", "user": 432, "date": "2023-10-02T07:03:23Z"}
{"item": "tablet", "user": 906, "date": "2023-10-02T07:03:23Z"}
{"item": "signal oscilloscope", "user": 36, "date": "2023-10-02T07:03:23Z"}
{"item": "portable SSD", "user": 586, "date": "2023-10-02T07:03:23Z"}
{"item": "surround sound system", "user": 616, "date": "2023-10-02T07:03:23Z"}
{"item": "motion sensor", "user": 647, "date": "2023-10-02T07:03:23Z"}
{"item": "bluetooth speaker", "user": 383, "date": "2023-10-02T07:03:23Z"}
{"item": "VR treadmill", "user": 267, "date": "2023-10-02T07:03:23Z"}
{"item": "robotic arm", "user": 179, "date": "2023-10-02T07:03:23Z"}
{"item": "smart glasses", "user": 806, "date": "2023-10-02T07:03:23Z"}
{"item": "TV wall mount", "user": 136, "date": "2023-10-02T07:03:23Z"}
{"item": "soldering station", "user": 225, "date": "2023-10-02T07:03:23Z"}
{"item": "3D printing pen", "user": 689, "date": "2023-10-02T07:03:23Z"}
{"item": "mouse", "user": 298, "date": "2023-10-02T07:03:23Z"}
{"item": "robotic prosthetic", "user": 267, "date": "2023-10-02T07:03:23Z"}
{"item": "RFID reader", "user": 696, "date": "2023-10-02T07:03:23Z"}
{"item": "multimeter", "user": 969, "date": "2023-10-02T07:03:23Z"}
{"item": "smartwatch", "user": 727, "date": "2023-10-02T07:03:23Z"}
{"item": "colorimeter", "user": 196, "date": "2023-10-02T07:03:23Z"}
{"item": "camera", "user": 449, "date": "2023-10-02T07:03:23Z"}
{"item": "GoPro camera", "user": 558, "date": "2023-10-02T07:03:23Z"}
{"item": "mouse", "user": 321, "date": "2023-10-02T07:03:23Z"}
{"item": "gaming console", "user": 902, "date": "2023-10-02T07:03:23Z"}
{"item": "camera", "user": 806, "date": "2023-10-02T07:03:23Z"}
{"item": "fitness tracker", "user": 835, "date": "2023-10-02T07:03:23Z"}
{"item": "barcode scanner", "user": 191, "date": "2023-10-02T07:03:23Z"}
{"item": "printer ink", "user": 463, "date": "2023-10-02T07:03:23Z"}
{"item": "webcam", "user": 54, "date": "2023-10-02T07:03:23Z"}
{"item": "TV wall mount", "user": 706, "date": "2023-10-02T07:03:23Z"}
{"item": "gaming mouse", "user": 648, "date": "2023-10-02T07:03:23Z"}
